c:\users\freedom\source\repos\intro_cpp\intro_cpp\debug\vc120.pdb
c:\users\freedom\source\repos\intro_cpp\intro_cpp\debug\vc120.idb
c:\users\freedom\source\repos\intro_cpp\intro_cpp\debug\24-celsfahr.obj
c:\users\freedom\source\repos\intro_cpp\intro_cpp\debug\25-arithmetic.obj
c:\users\freedom\source\repos\intro_cpp\intro_cpp\debug\00-helloworld.obj
c:\users\freedom\source\repos\intro_cpp\intro_cpp\debug\58-charpek.obj
c:\users\freedom\source\repos\intro_cpp\intro_cpp\debug\59-vektor.obj
c:\users\freedom\source\repos\intro_cpp\intro_cpp\debug\floatpow.obj
c:\users\freedom\source\repos\intro_cpp\intro_cpp\debug\06-petrol.obj
c:\users\freedom\source\repos\intro_cpp\intro_cpp\debug\07-pondstokg.obj
c:\users\freedom\source\repos\intro_cpp\intro_cpp\debug\08-rentcar.obj
c:\users\freedom\source\repos\intro_cpp\intro_cpp\debug\09-bill.obj
c:\users\freedom\source\repos\intro_cpp\intro_cpp\debug\10-intmodulo.obj
c:\users\freedom\source\repos\intro_cpp\intro_cpp\debug\11-centsmodulo.obj
c:\users\freedom\source\repos\intro_cpp\intro_cpp\debug\12-registercalc.obj
c:\users\freedom\source\repos\intro_cpp\intro_cpp\debug\13-vote.obj
c:\users\freedom\source\repos\intro_cpp\intro_cpp\debug\14-largestints.obj
c:\users\freedom\source\repos\intro_cpp\intro_cpp\debug\15-fever.obj
c:\users\freedom\source\repos\intro_cpp\intro_cpp\debug\16-square.obj
c:\users\freedom\source\repos\intro_cpp\intro_cpp\debug\17-squaretwist.obj
c:\users\freedom\source\repos\intro_cpp\intro_cpp\debug\18a-printfor.obj
c:\users\freedom\source\repos\intro_cpp\intro_cpp\debug\18b-printwhile.obj
c:\users\freedom\source\repos\intro_cpp\intro_cpp\debug\19a-evenodd.obj
c:\users\freedom\source\repos\intro_cpp\intro_cpp\debug\19b-evenprint.obj
c:\users\freedom\source\repos\intro_cpp\intro_cpp\debug\20-fivefloats.obj
c:\users\freedom\source\repos\intro_cpp\intro_cpp\debug\21-backwards.obj
c:\users\freedom\source\repos\intro_cpp\intro_cpp\debug\22-hundred.obj
c:\users\freedom\source\repos\intro_cpp\intro_cpp\debug\23-floatinte.obj
c:\users\freedom\source\repos\intro_cpp\intro_cpp\debug\01-age.obj
c:\users\freedom\source\repos\intro_cpp\intro_cpp\debug\02-threenumbers.obj
c:\users\freedom\source\repos\intro_cpp\intro_cpp\debug\03-alphabet.obj
c:\users\freedom\source\repos\intro_cpp\intro_cpp\debug\04-add32.obj
c:\users\freedom\source\repos\intro_cpp\intro_cpp\debug\05-circlearea.obj
c:\users\freedom\source\repos\intro_cpp\intro_cpp\debug\blockarea.obj
c:\users\freedom\source\repos\intro_cpp\intro_cpp\debug\27-blockarea.obj
c:\users\freedom\source\repos\intro_cpp\intro_cpp\debug\26-floatpow.obj
c:\users\freedom\source\repos\intro_cpp\intro_cpp\debug\28-sumofall.obj
c:\users\freedom\source\repos\intro_cpp\intro_cpp\debug\29-swap.obj
c:\users\freedom\source\repos\intro_cpp\debug\exercises_cpp.ilk
c:\users\freedom\source\repos\intro_cpp\debug\exercises_cpp.exe
c:\users\freedom\source\repos\intro_cpp\debug\exercises_cpp.pdb
c:\users\freedom\source\repos\intro_cpp\intro_cpp\debug\fever.obj
c:\users\freedom\source\repos\intro_cpp\intro_cpp\debug\largestints.obj
c:\users\freedom\source\repos\intro_cpp\intro_cpp\debug\petrol.obj
c:\users\freedom\source\repos\intro_cpp\intro_cpp\debug\pondstokg.obj
c:\users\freedom\source\repos\intro_cpp\intro_cpp\debug\rentcar.obj
c:\users\freedom\source\repos\intro_cpp\intro_cpp\debug\square.obj
c:\users\freedom\source\repos\intro_cpp\intro_cpp\debug\squaretwist.obj
c:\users\freedom\source\repos\intro_cpp\intro_cpp\debug\vote.obj
c:\users\freedom\source\repos\intro_cpp\intro_cpp\debug\exercises_cpp.tlog\cl.command.1.tlog
c:\users\freedom\source\repos\intro_cpp\intro_cpp\debug\exercises_cpp.tlog\cl.read.1.tlog
c:\users\freedom\source\repos\intro_cpp\intro_cpp\debug\exercises_cpp.tlog\cl.write.1.tlog
c:\users\freedom\source\repos\intro_cpp\intro_cpp\debug\exercises_cpp.tlog\link.command.1.tlog
c:\users\freedom\source\repos\intro_cpp\intro_cpp\debug\exercises_cpp.tlog\link.read.1.tlog
c:\users\freedom\source\repos\intro_cpp\intro_cpp\debug\exercises_cpp.tlog\link.write.1.tlog
